# JRE version: OpenJDK Runtime Environment (8.0_152-b01) (build 1.8.0_152-release-1343-b01)
# Java VM: OpenJDK 64-Bit Server VM (25.152-b01 mixed mode windows-amd64 compressed oops)
Heap:
 PSYoungGen      total 209920K, used 86581K [0x00000000e0000000, 0x00000000eed80000, 0x0000000100000000)
  eden space 187904K, 35% used [0x00000000e0000000,0x00000000e4094978,0x00000000eb780000)
  from space 22016K, 92% used [0x00000000ed800000,0x00000000eebf8bc0,0x00000000eed80000)
  to   space 27648K, 0% used [0x00000000eb780000,0x00000000eb780000,0x00000000ed280000)
 ParOldGen       total 145408K, used 47920K [0x00000000a0000000, 0x00000000a8e00000, 0x00000000e0000000)
  object space 145408K, 32% used [0x00000000a0000000,0x00000000a2ecc1e8,0x00000000a8e00000)
 Metaspace       used 88526K, capacity 93050K, committed 93208K, reserved 1130496K
  class space    used 11452K, capacity 12249K, committed 12328K, reserved 1048576K
GC Heap History (10 events):
Event: 225.476 GC heap before
{Heap before GC invocations=15 (full 3):
 PSYoungGen      total 206848K, used 203003K [0x00000000e0000000, 0x00000000efe00000, 0x0000000100000000)
  eden space 187904K, 100% used [0x00000000e0000000,0x00000000eb780000,0x00000000eb780000)
  from space 18944K, 79% used [0x00000000eb780000,0x00000000ec63ece8,0x00000000eca00000)
  to   space 19968K, 0% used [0x00000000eea80000,0x00000000eea80000,0x00000000efe00000)
 ParOldGen       total 145408K, used 34339K [0x00000000a0000000, 0x00000000a8e00000, 0x00000000e0000000)
  object space 145408K, 23% used [0x00000000a0000000,0x00000000a2188eb0,0x00000000a8e00000)
 Metaspace       used 72407K, capacity 74930K, committed 75160K, reserved 1114112K
  class space    used 9512K, capacity 10085K, committed 10152K, reserved 1048576K
Event: 225.497 GC heap after
Heap after GC invocations=15 (full 3):
 PSYoungGen      total 233984K, used 19938K [0x00000000e0000000, 0x00000000f0000000, 0x0000000100000000)
  eden space 214016K, 0% used [0x00000000e0000000,0x00000000e0000000,0x00000000ed100000)
  from space 19968K, 99% used [0x00000000eea80000,0x00000000efdf8bd8,0x00000000efe00000)
  to   space 24064K, 0% used [0x00000000ed100000,0x00000000ed100000,0x00000000ee880000)
 ParOldGen       total 145408K, used 37562K [0x00000000a0000000, 0x00000000a8e00000, 0x00000000e0000000)
  object space 145408K, 25% used [0x00000000a0000000,0x00000000a24ae870,0x00000000a8e00000)
 Metaspace       used 72407K, capacity 74930K, committed 75160K, reserved 1114112K
  class space    used 9512K, capacity 10085K, committed 10152K, reserved 1048576K
}
Event: 711.219 GC heap before
{Heap before GC invocations=16 (full 3):
 PSYoungGen      total 233984K, used 233954K [0x00000000e0000000, 0x00000000f0000000, 0x0000000100000000)
  eden space 214016K, 100% used [0x00000000e0000000,0x00000000ed100000,0x00000000ed100000)
  from space 19968K, 99% used [0x00000000eea80000,0x00000000efdf8bd8,0x00000000efe00000)
  to   space 24064K, 0% used [0x00000000ed100000,0x00000000ed100000,0x00000000ee880000)
 ParOldGen       total 145408K, used 37562K [0x00000000a0000000, 0x00000000a8e00000, 0x00000000e0000000)
  object space 145408K, 25% used [0x00000000a0000000,0x00000000a24ae870,0x00000000a8e00000)
 Metaspace       used 74127K, capacity 76996K, committed 77208K, reserved 1116160K
  class space    used 9706K, capacity 10310K, committed 10408K, reserved 1048576K
Event: 711.330 GC heap after
Heap after GC invocations=16 (full 3):
 PSYoungGen      total 222720K, used 15425K [0x00000000e0000000, 0x00000000ef900000, 0x0000000100000000)
  eden space 206848K, 0% used [0x00000000e0000000,0x00000000e0000000,0x00000000eca00000)
  from space 15872K, 97% used [0x00000000ed100000,0x00000000ee010600,0x00000000ee080000)
  to   space 24064K, 0% used [0x00000000ee180000,0x00000000ee180000,0x00000000ef900000)
 ParOldGen       total 145408K, used 47832K [0x00000000a0000000, 0x00000000a8e00000, 0x00000000e0000000)
  object space 145408K, 32% used [0x00000000a0000000,0x00000000a2eb62b0,0x00000000a8e00000)
 Metaspace       used 74127K, capacity 76996K, committed 77208K, reserved 1116160K
  class space    used 9706K, capacity 10310K, committed 10408K, reserved 1048576K
}
Event: 938.337 GC heap before
{Heap before GC invocations=17 (full 3):
 PSYoungGen      total 222720K, used 222273K [0x00000000e0000000, 0x00000000ef900000, 0x0000000100000000)
  eden space 206848K, 100% used [0x00000000e0000000,0x00000000eca00000,0x00000000eca00000)
  from space 15872K, 97% used [0x00000000ed100000,0x00000000ee010600,0x00000000ee080000)
  to   space 24064K, 0% used [0x00000000ee180000,0x00000000ee180000,0x00000000ef900000)
 ParOldGen       total 145408K, used 47832K [0x00000000a0000000, 0x00000000a8e00000, 0x00000000e0000000)
  object space 145408K, 32% used [0x00000000a0000000,0x00000000a2eb62b0,0x00000000a8e00000)
 Metaspace       used 77765K, capacity 81028K, committed 81176K, reserved 1120256K
  class space    used 10029K, capacity 10686K, committed 10792K, reserved 1048576K
Event: 938.363 GC heap after
Heap after GC invocations=17 (full 3):
 PSYoungGen      total 217600K, used 15827K [0x00000000e0000000, 0x00000000ef280000, 0x0000000100000000)
  eden space 200192K, 0% used [0x00000000e0000000,0x00000000e0000000,0x00000000ec380000)
  from space 17408K, 90% used [0x00000000ee180000,0x00000000ef0f4e98,0x00000000ef280000)
  to   space 24064K, 0% used [0x00000000ec380000,0x00000000ec380000,0x00000000edb00000)
 ParOldGen       total 145408K, used 47840K [0x00000000a0000000, 0x00000000a8e00000, 0x00000000e0000000)
  object space 145408K, 32% used [0x00000000a0000000,0x00000000a2eb82b0,0x00000000a8e00000)
 Metaspace       used 77765K, capacity 81028K, committed 81176K, reserved 1120256K
  class space    used 10029K, capacity 10686K, committed 10792K, reserved 1048576K
}
Event: 945.960 GC heap before
{Heap before GC invocations=18 (full 3):
 PSYoungGen      total 217600K, used 216019K [0x00000000e0000000, 0x00000000ef280000, 0x0000000100000000)
  eden space 200192K, 100% used [0x00000000e0000000,0x00000000ec380000,0x00000000ec380000)
  from space 17408K, 90% used [0x00000000ee180000,0x00000000ef0f4e98,0x00000000ef280000)
  to   space 24064K, 0% used [0x00000000ec380000,0x00000000ec380000,0x00000000edb00000)
 ParOldGen       total 145408K, used 47840K [0x00000000a0000000, 0x00000000a8e00000, 0x00000000e0000000)
  object space 145408K, 32% used [0x00000000a0000000,0x00000000a2eb82b0,0x00000000a8e00000)
 Metaspace       used 78929K, capacity 82438K, committed 82584K, reserved 1120256K
  class space    used 10142K, capacity 10805K, committed 10920K, reserved 1048576K
Event: 945.994 GC heap after
Heap after GC invocations=18 (full 3):
 PSYoungGen      total 215040K, used 20764K [0x00000000e0000000, 0x00000000ef080000, 0x0000000100000000)
  eden space 194048K, 0% used [0x00000000e0000000,0x00000000e0000000,0x00000000ebd80000)
  from space 20992K, 98% used [0x00000000ec380000,0x00000000ed7c7188,0x00000000ed800000)
  to   space 25088K, 0% used [0x00000000ed800000,0x00000000ed800000,0x00000000ef080000)
 ParOldGen       total 145408K, used 47848K [0x00000000a0000000, 0x00000000a8e00000, 0x00000000e0000000)
  object space 145408K, 32% used [0x00000000a0000000,0x00000000a2eba2b0,0x00000000a8e00000)
 Metaspace       used 78929K, capacity 82438K, committed 82584K, reserved 1120256K
  class space    used 10142K, capacity 10805K, committed 10920K, reserved 1048576K
}
Event: 951.705 GC heap before
{Heap before GC invocations=19 (full 3):
 PSYoungGen      total 215040K, used 214812K [0x00000000e0000000, 0x00000000ef080000, 0x0000000100000000)
  eden space 194048K, 100% used [0x00000000e0000000,0x00000000ebd80000,0x00000000ebd80000)
  from space 20992K, 98% used [0x00000000ec380000,0x00000000ed7c7188,0x00000000ed800000)
  to   space 25088K, 0% used [0x00000000ed800000,0x00000000ed800000,0x00000000ef080000)
 ParOldGen       total 145408K, used 47912K [0x00000000a0000000, 0x00000000a8e00000, 0x00000000e0000000)
  object space 145408K, 32% used [0x00000000a0000000,0x00000000a2eca1e8,0x00000000a8e00000)
 Metaspace       used 81977K, capacity 85762K, committed 86040K, reserved 1124352K
  class space    used 10544K, capacity 11229K, committed 11304K, reserved 1048576K
Event: 951.725 GC heap after
Heap after GC invocations=19 (full 3):
 PSYoungGen      total 209920K, used 20450K [0x00000000e0000000, 0x00000000eed80000, 0x0000000100000000)
  eden space 187904K, 0% used [0x00000000e0000000,0x00000000e0000000,0x00000000eb780000)
  from space 22016K, 92% used [0x00000000ed800000,0x00000000eebf8bc0,0x00000000eed80000)
  to   space 27648K, 0% used [0x00000000eb780000,0x00000000eb780000,0x00000000ed280000)
 ParOldGen       total 145408K, used 47920K [0x00000000a0000000, 0x00000000a8e00000, 0x00000000e0000000)
  object space 145408K, 32% used [0x00000000a0000000,0x00000000a2ecc1e8,0x00000000a8e00000)
 Metaspace       used 81977K, capacity 85762K, committed 86040K, reserved 1124352K
  class space    used 10544K, capacity 11229K, committed 11304K, reserved 1048576K
}

