# JRE version: OpenJDK Runtime Environment (8.0_152-b01) (build 1.8.0_152-release-1343-b01)
# Java VM: OpenJDK 64-Bit Server VM (25.152-b01 mixed mode windows-amd64 compressed oops)
Heap:
 PSYoungGen      total 226816K, used 67100K [0x00000000e0000000, 0x00000000ef300000, 0x0000000100000000)
  eden space 210944K, 27% used [0x00000000e0000000,0x00000000e385b858,0x00000000ece00000)
  from space 15872K, 59% used [0x00000000ee180000,0x00000000eeaab940,0x00000000ef100000)
  to   space 18944K, 0% used [0x00000000ece00000,0x00000000ece00000,0x00000000ee080000)
 ParOldGen       total 131584K, used 49055K [0x00000000a0000000, 0x00000000a8080000, 0x00000000e0000000)
  object space 131584K, 37% used [0x00000000a0000000,0x00000000a2fe7ee8,0x00000000a8080000)
 Metaspace       used 71260K, capacity 74366K, committed 74520K, reserved 1114112K
  class space    used 9585K, capacity 10216K, committed 10264K, reserved 1048576K
GC Heap History (10 events):
Event: 6.750 GC heap before
{Heap before GC invocations=11 (full 2):
 PSYoungGen      total 175104K, used 161792K [0x00000000e0000000, 0x00000000ef580000, 0x0000000100000000)
  eden space 161792K, 100% used [0x00000000e0000000,0x00000000e9e00000,0x00000000e9e00000)
  from space 13312K, 0% used [0x00000000eaa80000,0x00000000eaa80000,0x00000000eb780000)
  to   space 12800K, 0% used [0x00000000e9e00000,0x00000000e9e00000,0x00000000eaa80000)
 ParOldGen       total 89600K, used 15301K [0x00000000a0000000, 0x00000000a5780000, 0x00000000e0000000)
  object space 89600K, 17% used [0x00000000a0000000,0x00000000a0ef1690,0x00000000a5780000)
 Metaspace       used 47088K, capacity 48174K, committed 48424K, reserved 1091584K
  class space    used 6387K, capacity 6684K, committed 6696K, reserved 1048576K
Event: 6.766 GC heap after
Heap after GC invocations=11 (full 2):
 PSYoungGen      total 174592K, used 12782K [0x00000000e0000000, 0x00000000ef100000, 0x0000000100000000)
  eden space 161792K, 0% used [0x00000000e0000000,0x00000000e0000000,0x00000000e9e00000)
  from space 12800K, 99% used [0x00000000e9e00000,0x00000000eaa7bb60,0x00000000eaa80000)
  to   space 15872K, 0% used [0x00000000ee180000,0x00000000ee180000,0x00000000ef100000)
 ParOldGen       total 89600K, used 19370K [0x00000000a0000000, 0x00000000a5780000, 0x00000000e0000000)
  object space 89600K, 21% used [0x00000000a0000000,0x00000000a12eab50,0x00000000a5780000)
 Metaspace       used 47088K, capacity 48174K, committed 48424K, reserved 1091584K
  class space    used 6387K, capacity 6684K, committed 6696K, reserved 1048576K
}
Event: 8.582 GC heap before
{Heap before GC invocations=12 (full 2):
 PSYoungGen      total 174592K, used 135511K [0x00000000e0000000, 0x00000000ef100000, 0x0000000100000000)
  eden space 161792K, 75% used [0x00000000e0000000,0x00000000e77da1f8,0x00000000e9e00000)
  from space 12800K, 99% used [0x00000000e9e00000,0x00000000eaa7bb60,0x00000000eaa80000)
  to   space 15872K, 0% used [0x00000000ee180000,0x00000000ee180000,0x00000000ef100000)
 ParOldGen       total 89600K, used 19370K [0x00000000a0000000, 0x00000000a5780000, 0x00000000e0000000)
  object space 89600K, 21% used [0x00000000a0000000,0x00000000a12eab50,0x00000000a5780000)
 Metaspace       used 57558K, capacity 59020K, committed 59160K, reserved 1099776K
  class space    used 7769K, capacity 8135K, committed 8216K, reserved 1048576K
Event: 8.603 GC heap after
Heap after GC invocations=12 (full 2):
 PSYoungGen      total 226816K, used 15847K [0x00000000e0000000, 0x00000000ef300000, 0x0000000100000000)
  eden space 210944K, 0% used [0x00000000e0000000,0x00000000e0000000,0x00000000ece00000)
  from space 15872K, 99% used [0x00000000ee180000,0x00000000ef0f9d98,0x00000000ef100000)
  to   space 18944K, 0% used [0x00000000ece00000,0x00000000ece00000,0x00000000ee080000)
 ParOldGen       total 89600K, used 22708K [0x00000000a0000000, 0x00000000a5780000, 0x00000000e0000000)
  object space 89600K, 25% used [0x00000000a0000000,0x00000000a162d078,0x00000000a5780000)
 Metaspace       used 57558K, capacity 59020K, committed 59160K, reserved 1099776K
  class space    used 7769K, capacity 8135K, committed 8216K, reserved 1048576K
}
Event: 8.603 GC heap before
{Heap before GC invocations=13 (full 3):
 PSYoungGen      total 226816K, used 15847K [0x00000000e0000000, 0x00000000ef300000, 0x0000000100000000)
  eden space 210944K, 0% used [0x00000000e0000000,0x00000000e0000000,0x00000000ece00000)
  from space 15872K, 99% used [0x00000000ee180000,0x00000000ef0f9d98,0x00000000ef100000)
  to   space 18944K, 0% used [0x00000000ece00000,0x00000000ece00000,0x00000000ee080000)
 ParOldGen       total 89600K, used 22708K [0x00000000a0000000, 0x00000000a5780000, 0x00000000e0000000)
  object space 89600K, 25% used [0x00000000a0000000,0x00000000a162d078,0x00000000a5780000)
 Metaspace       used 57558K, capacity 59020K, committed 59160K, reserved 1099776K
  class space    used 7769K, capacity 8135K, committed 8216K, reserved 1048576K
Event: 8.812 GC heap after
Heap after GC invocations=13 (full 3):
 PSYoungGen      total 226816K, used 0K [0x00000000e0000000, 0x00000000ef300000, 0x0000000100000000)
  eden space 210944K, 0% used [0x00000000e0000000,0x00000000e0000000,0x00000000ece00000)
  from space 15872K, 0% used [0x00000000ee180000,0x00000000ee180000,0x00000000ef100000)
  to   space 18944K, 0% used [0x00000000ece00000,0x00000000ece00000,0x00000000ee080000)
 ParOldGen       total 131584K, used 33051K [0x00000000a0000000, 0x00000000a8080000, 0x00000000e0000000)
  object space 131584K, 25% used [0x00000000a0000000,0x00000000a2046d40,0x00000000a8080000)
 Metaspace       used 57558K, capacity 59020K, committed 59160K, reserved 1099776K
  class space    used 7769K, capacity 8135K, committed 8216K, reserved 1048576K
}
Event: 10.937 GC heap before
{Heap before GC invocations=14 (full 3):
 PSYoungGen      total 226816K, used 210944K [0x00000000e0000000, 0x00000000ef300000, 0x0000000100000000)
  eden space 210944K, 100% used [0x00000000e0000000,0x00000000ece00000,0x00000000ece00000)
  from space 15872K, 0% used [0x00000000ee180000,0x00000000ee180000,0x00000000ef100000)
  to   space 18944K, 0% used [0x00000000ece00000,0x00000000ece00000,0x00000000ee080000)
 ParOldGen       total 131584K, used 33051K [0x00000000a0000000, 0x00000000a8080000, 0x00000000e0000000)
  object space 131584K, 25% used [0x00000000a0000000,0x00000000a2046d40,0x00000000a8080000)
 Metaspace       used 64226K, capacity 66624K, committed 66840K, reserved 1107968K
  class space    used 8656K, capacity 9189K, committed 9240K, reserved 1048576K
Event: 10.955 GC heap after
Heap after GC invocations=14 (full 3):
 PSYoungGen      total 229888K, used 18941K [0x00000000e0000000, 0x00000000ef300000, 0x0000000100000000)
  eden space 210944K, 0% used [0x00000000e0000000,0x00000000e0000000,0x00000000ece00000)
  from space 18944K, 99% used [0x00000000ece00000,0x00000000ee07f508,0x00000000ee080000)
  to   space 15872K, 0% used [0x00000000ee180000,0x00000000ee180000,0x00000000ef100000)
 ParOldGen       total 131584K, used 34098K [0x00000000a0000000, 0x00000000a8080000, 0x00000000e0000000)
  object space 131584K, 25% used [0x00000000a0000000,0x00000000a214c808,0x00000000a8080000)
 Metaspace       used 64226K, capacity 66624K, committed 66840K, reserved 1107968K
  class space    used 8656K, capacity 9189K, committed 9240K, reserved 1048576K
}
Event: 11.854 GC heap before
{Heap before GC invocations=15 (full 3):
 PSYoungGen      total 229888K, used 229885K [0x00000000e0000000, 0x00000000ef300000, 0x0000000100000000)
  eden space 210944K, 100% used [0x00000000e0000000,0x00000000ece00000,0x00000000ece00000)
  from space 18944K, 99% used [0x00000000ece00000,0x00000000ee07f508,0x00000000ee080000)
  to   space 15872K, 0% used [0x00000000ee180000,0x00000000ee180000,0x00000000ef100000)
 ParOldGen       total 131584K, used 34098K [0x00000000a0000000, 0x00000000a8080000, 0x00000000e0000000)
  object space 131584K, 25% used [0x00000000a0000000,0x00000000a214c808,0x00000000a8080000)
 Metaspace       used 70842K, capacity 73840K, committed 74008K, reserved 1114112K
  class space    used 9532K, capacity 10141K, committed 10264K, reserved 1048576K
Event: 11.871 GC heap after
Heap after GC invocations=15 (full 3):
 PSYoungGen      total 226816K, used 9390K [0x00000000e0000000, 0x00000000ef300000, 0x0000000100000000)
  eden space 210944K, 0% used [0x00000000e0000000,0x00000000e0000000,0x00000000ece00000)
  from space 15872K, 59% used [0x00000000ee180000,0x00000000eeaab940,0x00000000ef100000)
  to   space 18944K, 0% used [0x00000000ece00000,0x00000000ece00000,0x00000000ee080000)
 ParOldGen       total 131584K, used 49055K [0x00000000a0000000, 0x00000000a8080000, 0x00000000e0000000)
  object space 131584K, 37% used [0x00000000a0000000,0x00000000a2fe7ee8,0x00000000a8080000)
 Metaspace       used 70842K, capacity 73840K, committed 74008K, reserved 1114112K
  class space    used 9532K, capacity 10141K, committed 10264K, reserved 1048576K
}

